
=== Tue Oct 23 15:42:20 2018

Packages were changed.
Update Mode: updateDependencies

The following packages were added:
  com.unity.collab-proxy@1.2.11
The following packages were updated:
  com.unity.analytics from version 2.0.16 to 3.0.9
  com.unity.package-manager-ui from version 1.9.11 to 2.0.1
  com.unity.textmeshpro from version 1.2.4 to 1.3.0

=== Tue Oct 23 15:56:22 2018

Packages were changed.
Update Mode: updateDependencies

The following packages were added:
  com.unity.collab-proxy@1.2.11
The following packages were updated:
  com.unity.analytics from version 2.0.16 to 3.0.9
  com.unity.package-manager-ui from version 1.9.11 to 2.0.1
  com.unity.textmeshpro from version 1.2.4 to 1.3.0

=== Mon Nov 19 23:23:52 2018

Packages were changed.
Update Mode: updateDependencies

The following packages were updated:
  com.unity.analytics from version 3.0.9 to 3.2.0
  com.unity.package-manager-ui from version 2.0.1 to 2.0.3
